# JRE version: OpenJDK Runtime Environment Temurin-17.0.2+8 (17.0.2+8) (build 17.0.2+8)
# Java VM: OpenJDK 64-Bit Server VM Temurin-17.0.2+8 (17.0.2+8, mixed mode, tiered, compressed oops, compressed class ptrs, g1 gc, bsd-aarch64)
GC Precious Log:
 CPUs: 8 total, 8 available
 Memory: 8192M
 Large Page Support: Disabled
 NUMA Support: Disabled
 Compressed Oops: Enabled (Zero based)
 Heap Region Size: 1M
 Heap Min Capacity: 8M
 Heap Initial Capacity: 128M
 Heap Max Capacity: 2G
 Pre-touch: Disabled
 Parallel Workers: 8
 Concurrent Workers: 2
 Concurrent Refinement Workers: 8
 Periodic GC: Disabled
Heap:
 garbage-first heap   total 30720K, used 14706K [0x0000000780000000, 0x0000000800000000)
  region size 1024K, 5 young (5120K), 1 survivors (1024K)
 Metaspace       used 25548K, committed 25856K, reserved 1073152K
  class space    used 3313K, committed 3456K, reserved 1048576K
GC Heap History (8 events):
Event: 0.687 GC heap before
{Heap before GC invocations=0 (full 0):
 garbage-first heap   total 131072K, used 22528K [0x0000000780000000, 0x0000000800000000)
  region size 1024K, 23 young (23552K), 0 survivors (0K)
 Metaspace       used 15816K, committed 16000K, reserved 1064960K
  class space    used 1702K, committed 1792K, reserved 1048576K
}
Event: 0.693 GC heap after
{Heap after GC invocations=1 (full 0):
 garbage-first heap   total 131072K, used 3799K [0x0000000780000000, 0x0000000800000000)
  region size 1024K, 3 young (3072K), 3 survivors (3072K)
 Metaspace       used 15816K, committed 16000K, reserved 1064960K
  class space    used 1702K, committed 1792K, reserved 1048576K
}
Event: 1.348 GC heap before
{Heap before GC invocations=1 (full 0):
 garbage-first heap   total 131072K, used 25303K [0x0000000780000000, 0x0000000800000000)
  region size 1024K, 26 young (26624K), 3 survivors (3072K)
 Metaspace       used 21380K, committed 21504K, reserved 1073152K
  class space    used 2564K, committed 2624K, reserved 1048576K
}
Event: 1.351 GC heap after
{Heap after GC invocations=2 (full 0):
 garbage-first heap   total 131072K, used 7902K [0x0000000780000000, 0x0000000800000000)
  region size 1024K, 4 young (4096K), 4 survivors (4096K)
 Metaspace       used 21380K, committed 21504K, reserved 1073152K
  class space    used 2564K, committed 2624K, reserved 1048576K
}
Event: 1.591 GC heap before
{Heap before GC invocations=3 (full 0):
 garbage-first heap   total 30720K, used 21214K [0x0000000780000000, 0x0000000800000000)
  region size 1024K, 18 young (18432K), 4 survivors (4096K)
 Metaspace       used 24470K, committed 24704K, reserved 1073152K
  class space    used 3200K, committed 3328K, reserved 1048576K
}
Event: 1.594 GC heap after
{Heap after GC invocations=4 (full 0):
 garbage-first heap   total 30720K, used 9433K [0x0000000780000000, 0x0000000800000000)
  region size 1024K, 2 young (2048K), 2 survivors (2048K)
 Metaspace       used 24470K, committed 24704K, reserved 1073152K
  class space    used 3200K, committed 3328K, reserved 1048576K
}
Event: 1.604 GC heap before
{Heap before GC invocations=4 (full 0):
 garbage-first heap   total 30720K, used 10457K [0x0000000780000000, 0x0000000800000000)
  region size 1024K, 3 young (3072K), 2 survivors (2048K)
 Metaspace       used 24764K, committed 24960K, reserved 1073152K
  class space    used 3232K, committed 3328K, reserved 1048576K
}
Event: 1.606 GC heap after
{Heap after GC invocations=5 (full 0):
 garbage-first heap   total 30720K, used 9586K [0x0000000780000000, 0x0000000800000000)
  region size 1024K, 1 young (1024K), 1 survivors (1024K)
 Metaspace       used 24764K, committed 24960K, reserved 1073152K
  class space    used 3232K, committed 3328K, reserved 1048576K
}

