# JRE version: OpenJDK Runtime Environment Temurin-17.0.2+8 (17.0.2+8) (build 17.0.2+8)
# Java VM: OpenJDK 64-Bit Server VM Temurin-17.0.2+8 (17.0.2+8, mixed mode, tiered, compressed oops, compressed class ptrs, g1 gc, bsd-aarch64)
GC Precious Log:
 CPUs: 8 total, 8 available
 Memory: 8192M
 Large Page Support: Disabled
 NUMA Support: Disabled
 Compressed Oops: Enabled (Zero based)
 Heap Region Size: 1M
 Heap Min Capacity: 8M
 Heap Initial Capacity: 128M
 Heap Max Capacity: 2G
 Pre-touch: Disabled
 Parallel Workers: 8
 Concurrent Workers: 2
 Concurrent Refinement Workers: 8
 Periodic GC: Disabled
Heap:
 garbage-first heap   total 34816K, used 14108K [0x0000000780000000, 0x0000000800000000)
  region size 1024K, 4 young (4096K), 1 survivors (1024K)
 Metaspace       used 25523K, committed 25792K, reserved 1073152K
  class space    used 3315K, committed 3456K, reserved 1048576K
GC Heap History (8 events):
Event: 1.504 GC heap before
{Heap before GC invocations=0 (full 0):
 garbage-first heap   total 131072K, used 22528K [0x0000000780000000, 0x0000000800000000)
  region size 1024K, 23 young (23552K), 0 survivors (0K)
 Metaspace       used 15665K, committed 15872K, reserved 1064960K
  class space    used 1691K, committed 1792K, reserved 1048576K
}
Event: 1.509 GC heap after
{Heap after GC invocations=1 (full 0):
 garbage-first heap   total 131072K, used 3784K [0x0000000780000000, 0x0000000800000000)
  region size 1024K, 3 young (3072K), 3 survivors (3072K)
 Metaspace       used 15665K, committed 15872K, reserved 1064960K
  class space    used 1691K, committed 1792K, reserved 1048576K
}
Event: 3.825 GC heap before
{Heap before GC invocations=1 (full 0):
 garbage-first heap   total 131072K, used 27336K [0x0000000780000000, 0x0000000800000000)
  region size 1024K, 27 young (27648K), 3 survivors (3072K)
 Metaspace       used 21328K, committed 21504K, reserved 1073152K
  class space    used 2552K, committed 2624K, reserved 1048576K
}
Event: 3.829 GC heap after
{Heap after GC invocations=2 (full 0):
 garbage-first heap   total 131072K, used 7976K [0x0000000780000000, 0x0000000800000000)
  region size 1024K, 5 young (5120K), 5 survivors (5120K)
 Metaspace       used 21328K, committed 21504K, reserved 1073152K
  class space    used 2552K, committed 2624K, reserved 1048576K
}
Event: 4.191 GC heap before
{Heap before GC invocations=3 (full 0):
 garbage-first heap   total 34816K, used 23336K [0x0000000780000000, 0x0000000800000000)
  region size 1024K, 20 young (20480K), 5 survivors (5120K)
 Metaspace       used 24818K, committed 25024K, reserved 1073152K
  class space    used 3234K, committed 3328K, reserved 1048576K
}
Event: 4.208 GC heap after
{Heap after GC invocations=4 (full 0):
 garbage-first heap   total 34816K, used 9728K [0x0000000780000000, 0x0000000800000000)
  region size 1024K, 2 young (2048K), 2 survivors (2048K)
 Metaspace       used 24818K, committed 25024K, reserved 1073152K
  class space    used 3234K, committed 3328K, reserved 1048576K
}
Event: 4.291 GC heap before
{Heap before GC invocations=4 (full 0):
 garbage-first heap   total 34816K, used 11776K [0x0000000780000000, 0x0000000800000000)
  region size 1024K, 3 young (3072K), 2 survivors (2048K)
 Metaspace       used 25065K, committed 25344K, reserved 1073152K
  class space    used 3264K, committed 3392K, reserved 1048576K
}
Event: 4.293 GC heap after
{Heap after GC invocations=5 (full 0):
 garbage-first heap   total 34816K, used 12060K [0x0000000780000000, 0x0000000800000000)
  region size 1024K, 1 young (1024K), 1 survivors (1024K)
 Metaspace       used 25065K, committed 25344K, reserved 1073152K
  class space    used 3264K, committed 3392K, reserved 1048576K
}

