# JRE version: OpenJDK Runtime Environment Temurin-17.0.2+8 (17.0.2+8) (build 17.0.2+8)
# Java VM: OpenJDK 64-Bit Server VM Temurin-17.0.2+8 (17.0.2+8, mixed mode, tiered, compressed oops, compressed class ptrs, g1 gc, bsd-aarch64)
GC Precious Log:
 CPUs: 8 total, 8 available
 Memory: 8192M
 Large Page Support: Disabled
 NUMA Support: Disabled
 Compressed Oops: Enabled (Zero based)
 Heap Region Size: 1M
 Heap Min Capacity: 8M
 Heap Initial Capacity: 128M
 Heap Max Capacity: 2G
 Pre-touch: Disabled
 Parallel Workers: 8
 Concurrent Workers: 2
 Concurrent Refinement Workers: 8
 Periodic GC: Disabled
Heap:
 garbage-first heap   total 37888K, used 12522K [0x0000000780000000, 0x0000000800000000)
  region size 1024K, 2 young (2048K), 1 survivors (1024K)
 Metaspace       used 25659K, committed 25920K, reserved 1073152K
  class space    used 3321K, committed 3456K, reserved 1048576K
GC Heap History (8 events):
Event: 1.142 GC heap before
{Heap before GC invocations=0 (full 0):
 garbage-first heap   total 131072K, used 22528K [0x0000000780000000, 0x0000000800000000)
  region size 1024K, 23 young (23552K), 0 survivors (0K)
 Metaspace       used 15768K, committed 15936K, reserved 1064960K
  class space    used 1700K, committed 1792K, reserved 1048576K
}
Event: 1.147 GC heap after
{Heap after GC invocations=1 (full 0):
 garbage-first heap   total 131072K, used 4139K [0x0000000780000000, 0x0000000800000000)
  region size 1024K, 3 young (3072K), 3 survivors (3072K)
 Metaspace       used 15768K, committed 15936K, reserved 1064960K
  class space    used 1700K, committed 1792K, reserved 1048576K
}
Event: 2.263 GC heap before
{Heap before GC invocations=1 (full 0):
 garbage-first heap   total 131072K, used 25643K [0x0000000780000000, 0x0000000800000000)
  region size 1024K, 26 young (26624K), 3 survivors (3072K)
 Metaspace       used 21336K, committed 21504K, reserved 1073152K
  class space    used 2564K, committed 2624K, reserved 1048576K
}
Event: 2.270 GC heap after
{Heap after GC invocations=2 (full 0):
 garbage-first heap   total 131072K, used 8612K [0x0000000780000000, 0x0000000800000000)
  region size 1024K, 5 young (5120K), 5 survivors (5120K)
 Metaspace       used 21336K, committed 21504K, reserved 1073152K
  class space    used 2564K, committed 2624K, reserved 1048576K
}
Event: 5.521 GC heap before
{Heap before GC invocations=3 (full 0):
 garbage-first heap   total 37888K, used 27044K [0x0000000780000000, 0x0000000800000000)
  region size 1024K, 22 young (22528K), 5 survivors (5120K)
 Metaspace       used 25291K, committed 25536K, reserved 1073152K
  class space    used 3285K, committed 3392K, reserved 1048576K
}
Event: 5.538 GC heap after
{Heap after GC invocations=4 (full 0):
 garbage-first heap   total 37888K, used 12581K [0x0000000780000000, 0x0000000800000000)
  region size 1024K, 2 young (2048K), 2 survivors (2048K)
 Metaspace       used 25291K, committed 25536K, reserved 1073152K
  class space    used 3285K, committed 3392K, reserved 1048576K
}
Event: 6.294 GC heap before
{Heap before GC invocations=4 (full 0):
 garbage-first heap   total 37888K, used 13605K [0x0000000780000000, 0x0000000800000000)
  region size 1024K, 3 young (3072K), 2 survivors (2048K)
 Metaspace       used 25566K, committed 25856K, reserved 1073152K
  class space    used 3319K, committed 3456K, reserved 1048576K
}
Event: 6.297 GC heap after
{Heap after GC invocations=5 (full 0):
 garbage-first heap   total 37888K, used 12522K [0x0000000780000000, 0x0000000800000000)
  region size 1024K, 1 young (1024K), 1 survivors (1024K)
 Metaspace       used 25566K, committed 25856K, reserved 1073152K
  class space    used 3319K, committed 3456K, reserved 1048576K
}

