# JRE version: OpenJDK Runtime Environment Temurin-17.0.2+8 (17.0.2+8) (build 17.0.2+8)
# Java VM: OpenJDK 64-Bit Server VM Temurin-17.0.2+8 (17.0.2+8, mixed mode, tiered, compressed oops, compressed class ptrs, g1 gc, bsd-aarch64)
GC Precious Log:
 CPUs: 8 total, 8 available
 Memory: 8192M
 Large Page Support: Disabled
 NUMA Support: Disabled
 Compressed Oops: Enabled (Zero based)
 Heap Region Size: 1M
 Heap Min Capacity: 8M
 Heap Initial Capacity: 128M
 Heap Max Capacity: 2G
 Pre-touch: Disabled
 Parallel Workers: 8
 Concurrent Workers: 2
 Concurrent Refinement Workers: 8
 Periodic GC: Disabled
Heap:
 garbage-first heap   total 34816K, used 13286K [0x0000000780000000, 0x0000000800000000)
  region size 1024K, 3 young (3072K), 1 survivors (1024K)
 Metaspace       used 25460K, committed 25728K, reserved 1073152K
  class space    used 3314K, committed 3456K, reserved 1048576K
GC Heap History (8 events):
Event: 1.164 GC heap before
{Heap before GC invocations=0 (full 0):
 garbage-first heap   total 131072K, used 22528K [0x0000000780000000, 0x0000000800000000)
  region size 1024K, 23 young (23552K), 0 survivors (0K)
 Metaspace       used 15795K, committed 16000K, reserved 1064960K
  class space    used 1701K, committed 1792K, reserved 1048576K
}
Event: 1.174 GC heap after
{Heap after GC invocations=1 (full 0):
 garbage-first heap   total 131072K, used 4228K [0x0000000780000000, 0x0000000800000000)
  region size 1024K, 3 young (3072K), 3 survivors (3072K)
 Metaspace       used 15795K, committed 16000K, reserved 1064960K
  class space    used 1701K, committed 1792K, reserved 1048576K
}
Event: 2.327 GC heap before
{Heap before GC invocations=1 (full 0):
 garbage-first heap   total 131072K, used 25732K [0x0000000780000000, 0x0000000800000000)
  region size 1024K, 26 young (26624K), 3 survivors (3072K)
 Metaspace       used 21375K, committed 21504K, reserved 1073152K
  class space    used 2565K, committed 2624K, reserved 1048576K
}
Event: 2.331 GC heap after
{Heap after GC invocations=2 (full 0):
 garbage-first heap   total 131072K, used 8185K [0x0000000780000000, 0x0000000800000000)
  region size 1024K, 4 young (4096K), 4 survivors (4096K)
 Metaspace       used 21375K, committed 21504K, reserved 1073152K
  class space    used 2565K, committed 2624K, reserved 1048576K
}
Event: 2.666 GC heap before
{Heap before GC invocations=3 (full 0):
 garbage-first heap   total 34816K, used 24569K [0x0000000780000000, 0x0000000800000000)
  region size 1024K, 19 young (19456K), 4 survivors (4096K)
 Metaspace       used 24947K, committed 25216K, reserved 1073152K
  class space    used 3247K, committed 3392K, reserved 1048576K
}
Event: 2.669 GC heap after
{Heap after GC invocations=4 (full 0):
 garbage-first heap   total 34816K, used 12048K [0x0000000780000000, 0x0000000800000000)
  region size 1024K, 2 young (2048K), 2 survivors (2048K)
 Metaspace       used 24947K, committed 25216K, reserved 1073152K
  class space    used 3247K, committed 3392K, reserved 1048576K
}
Event: 3.677 GC heap before
{Heap before GC invocations=4 (full 0):
 garbage-first heap   total 34816K, used 13072K [0x0000000780000000, 0x0000000800000000)
  region size 1024K, 3 young (3072K), 2 survivors (2048K)
 Metaspace       used 25235K, committed 25472K, reserved 1073152K
  class space    used 3284K, committed 3392K, reserved 1048576K
}
Event: 3.679 GC heap after
{Heap after GC invocations=5 (full 0):
 garbage-first heap   total 34816K, used 12262K [0x0000000780000000, 0x0000000800000000)
  region size 1024K, 1 young (1024K), 1 survivors (1024K)
 Metaspace       used 25235K, committed 25472K, reserved 1073152K
  class space    used 3284K, committed 3392K, reserved 1048576K
}

