# JRE version: OpenJDK Runtime Environment Temurin-17.0.2+8 (17.0.2+8) (build 17.0.2+8)
# Java VM: OpenJDK 64-Bit Server VM Temurin-17.0.2+8 (17.0.2+8, mixed mode, tiered, compressed oops, compressed class ptrs, g1 gc, bsd-aarch64)
GC Precious Log:
 CPUs: 8 total, 8 available
 Memory: 8192M
 Large Page Support: Disabled
 NUMA Support: Disabled
 Compressed Oops: Enabled (Zero based)
 Heap Region Size: 1M
 Heap Min Capacity: 8M
 Heap Initial Capacity: 128M
 Heap Max Capacity: 2G
 Pre-touch: Disabled
 Parallel Workers: 8
 Concurrent Workers: 2
 Concurrent Refinement Workers: 8
 Periodic GC: Disabled
Heap:
 garbage-first heap   total 34816K, used 13202K [0x0000000780000000, 0x0000000800000000)
  region size 1024K, 3 young (3072K), 1 survivors (1024K)
 Metaspace       used 25531K, committed 25792K, reserved 1073152K
  class space    used 3320K, committed 3456K, reserved 1048576K
GC Heap History (8 events):
Event: 0.641 GC heap before
{Heap before GC invocations=0 (full 0):
 garbage-first heap   total 131072K, used 22528K [0x0000000780000000, 0x0000000800000000)
  region size 1024K, 23 young (23552K), 0 survivors (0K)
 Metaspace       used 14306K, committed 14528K, reserved 1064960K
  class space    used 1568K, committed 1664K, reserved 1048576K
}
Event: 0.646 GC heap after
{Heap after GC invocations=1 (full 0):
 garbage-first heap   total 131072K, used 3317K [0x0000000780000000, 0x0000000800000000)
  region size 1024K, 3 young (3072K), 3 survivors (3072K)
 Metaspace       used 14306K, committed 14528K, reserved 1064960K
  class space    used 1568K, committed 1664K, reserved 1048576K
}
Event: 1.296 GC heap before
{Heap before GC invocations=1 (full 0):
 garbage-first heap   total 131072K, used 25845K [0x0000000780000000, 0x0000000800000000)
  region size 1024K, 26 young (26624K), 3 survivors (3072K)
 Metaspace       used 21364K, committed 21568K, reserved 1073152K
  class space    used 2558K, committed 2624K, reserved 1048576K
}
Event: 1.300 GC heap after
{Heap after GC invocations=2 (full 0):
 garbage-first heap   total 131072K, used 7920K [0x0000000780000000, 0x0000000800000000)
  region size 1024K, 5 young (5120K), 5 survivors (5120K)
 Metaspace       used 21364K, committed 21568K, reserved 1073152K
  class space    used 2558K, committed 2624K, reserved 1048576K
}
Event: 1.542 GC heap before
{Heap before GC invocations=3 (full 0):
 garbage-first heap   total 34816K, used 24304K [0x0000000780000000, 0x0000000800000000)
  region size 1024K, 20 young (20480K), 5 survivors (5120K)
 Metaspace       used 24877K, committed 25088K, reserved 1073152K
  class space    used 3237K, committed 3328K, reserved 1048576K
}
Event: 1.545 GC heap after
{Heap after GC invocations=4 (full 0):
 garbage-first heap   total 34816K, used 11838K [0x0000000780000000, 0x0000000800000000)
  region size 1024K, 2 young (2048K), 2 survivors (2048K)
 Metaspace       used 24877K, committed 25088K, reserved 1073152K
  class space    used 3237K, committed 3328K, reserved 1048576K
}
Event: 1.606 GC heap before
{Heap before GC invocations=4 (full 0):
 garbage-first heap   total 34816K, used 12862K [0x0000000780000000, 0x0000000800000000)
  region size 1024K, 3 young (3072K), 2 survivors (2048K)
 Metaspace       used 25155K, committed 25408K, reserved 1073152K
  class space    used 3272K, committed 3392K, reserved 1048576K
}
Event: 1.608 GC heap after
{Heap after GC invocations=5 (full 0):
 garbage-first heap   total 34816K, used 12178K [0x0000000780000000, 0x0000000800000000)
  region size 1024K, 1 young (1024K), 1 survivors (1024K)
 Metaspace       used 25155K, committed 25408K, reserved 1073152K
  class space    used 3272K, committed 3392K, reserved 1048576K
}

